[debug] [2022-07-19T09:46:39.473Z] ----------------------------------------------------------------------
[debug] [2022-07-19T09:46:39.475Z] Command:       C:\Program Files\nodejs\node.exe C:\Users\shilpa.j\AppData\Roaming\npm\node_modules\firebase-tools\lib\bin\firebase.js init
[debug] [2022-07-19T09:46:39.475Z] CLI Version:   11.3.0
[debug] [2022-07-19T09:46:39.475Z] Platform:      win32
[debug] [2022-07-19T09:46:39.475Z] Node Version:  v16.15.1
[debug] [2022-07-19T09:46:39.478Z] Time:          Tue Jul 19 2022 15:16:39 GMT+0530 (India Standard Time)
[debug] [2022-07-19T09:46:39.478Z] ----------------------------------------------------------------------
[debug] 
[debug] [2022-07-19T09:46:39.550Z] > command requires scopes: ["email","openid","https://www.googleapis.com/auth/cloudplatformprojects.readonly","https://www.googleapis.com/auth/firebase","https://www.googleapis.com/auth/cloud-platform"]
[debug] [2022-07-19T09:46:39.551Z] > authorizing via signed-in user (shilpadhami16@gmail.com)
[info] 
     ######## #### ########  ######## ########     ###     ######  ########
     ##        ##  ##     ## ##       ##     ##  ##   ##  ##       ##
     ######    ##  ########  ######   ########  #########  ######  ######
     ##        ##  ##    ##  ##       ##     ## ##     ##       ## ##
     ##       #### ##     ## ######## ########  ##     ##  ######  ########

You're about to initialize a Firebase project in this directory:

  D:\ReactJS\firstapp

Before we get started, keep in mind:

  * You are initializing within an existing Firebase project directory

[info] 
=== Project Setup
[info] 
[info] First, let's associate this project directory with a Firebase project.
[info] You can create multiple project aliases by running firebase use --add, 
[info] but for now we'll just set up a default project.
[info] 
[debug] [2022-07-19T09:46:48.452Z] Using project from CLI flag: reactjs-82283
[debug] [2022-07-19T09:46:48.458Z] >>> [apiv2][query] GET https://firebase.googleapis.com/v1beta1/projects/reactjs-82283 [none]
[debug] [2022-07-19T09:46:49.111Z] <<< [apiv2][status] GET https://firebase.googleapis.com/v1beta1/projects/reactjs-82283 403
[debug] [2022-07-19T09:46:49.111Z] <<< [apiv2][body] GET https://firebase.googleapis.com/v1beta1/projects/reactjs-82283 {"error":{"code":403,"message":"The caller does not have permission","status":"PERMISSION_DENIED"}}
[debug] [2022-07-19T09:46:49.112Z] HTTP Error: 403, The caller does not have permission
[debug] [2022-07-19T09:46:49.115Z] FirebaseError: HTTP Error: 403, The caller does not have permission
    at responseToError (C:\Users\shilpa.j\AppData\Roaming\npm\node_modules\firebase-tools\lib\responseToError.js:49:12)
    at RetryOperation._fn (C:\Users\shilpa.j\AppData\Roaming\npm\node_modules\firebase-tools\lib\apiv2.js:287:77)
    at processTicksAndRejections (node:internal/process/task_queues:96:5)
[error] 
[error] Error: Failed to get Firebase project reactjs-82283. Please make sure the project exists and your account has permission to access it.
